{"level":"info","message":"Server running on port 3010"}
{"level":"info","message":"A user connected"}
{"level":"info","message":"Server running on port 3010"}
{"level":"info","message":"A user connected"}
{"level":"info","message":"User disconnected"}
{"level":"info","message":"A user connected"}
{"level":"info","message":"Server running on port 3010"}
{"level":"info","message":"A user connected"}
{"level":"info","message":"Server running on port 3010"}
{"level":"info","message":"A user connected"}
{"level":"info","message":"Server running on port 3010"}
{"level":"info","message":"A user connected"}
{"level":"info","message":"Server running on port 3010"}
{"level":"info","message":"A user connected"}
{"level":"info","message":"User disconnected"}
{"level":"info","message":"A user connected"}
{"level":"info","message":"User disconnected"}
{"level":"info","message":"A user connected"}
{"level":"info","message":"Server running on port 3010"}
{"level":"info","message":"A user connected"}
{"level":"error","message":"Uncaught exception: uuidv1 is not defined","stack":"ReferenceError: uuidv1 is not defined\n    at Namespace.<anonymous> (file:///D:/FRONTEND/IT-KAMASUTRA/Sprint_6/websocket/ws-app-back/dist/index.js:97:36)\n    at Namespace.emit (node:events:518:28)\n    at Namespace.emitReserved (D:\\FRONTEND\\IT-KAMASUTRA\\Sprint_6\\websocket\\ws-app-back\\node_modules\\socket.io\\dist\\typed-events.js:56:22)\n    at Namespace._doConnect (D:\\FRONTEND\\IT-KAMASUTRA\\Sprint_6\\websocket\\ws-app-back\\node_modules\\socket.io\\dist\\namespace.js:276:14)\n    at D:\\FRONTEND\\IT-KAMASUTRA\\Sprint_6\\websocket\\ws-app-back\\node_modules\\socket.io\\dist\\namespace.js:238:22\n    at process.processTicksAndRejections (node:internal/process/task_queues:77:11)"}
{"level":"info","message":"Server running on port 3010"}
{"level":"info","message":"A user connected"}
{"level":"error","message":"Uncaught exception: uuidv1 is not defined","stack":"ReferenceError: uuidv1 is not defined\n    at Namespace.<anonymous> (file:///D:/FRONTEND/IT-KAMASUTRA/Sprint_6/websocket/ws-app-back/dist/index.js:97:36)\n    at Namespace.emit (node:events:518:28)\n    at Namespace.emitReserved (D:\\FRONTEND\\IT-KAMASUTRA\\Sprint_6\\websocket\\ws-app-back\\node_modules\\socket.io\\dist\\typed-events.js:56:22)\n    at Namespace._doConnect (D:\\FRONTEND\\IT-KAMASUTRA\\Sprint_6\\websocket\\ws-app-back\\node_modules\\socket.io\\dist\\namespace.js:276:14)\n    at D:\\FRONTEND\\IT-KAMASUTRA\\Sprint_6\\websocket\\ws-app-back\\node_modules\\socket.io\\dist\\namespace.js:238:22\n    at process.processTicksAndRejections (node:internal/process/task_queues:77:11)"}
{"level":"info","message":"Server running on port 3010"}
{"level":"info","message":"A user connected"}
{"level":"info","message":"Server running on port 3010"}
{"level":"info","message":"A user connected"}
{"level":"info","message":"User disconnected"}
{"level":"info","message":"A user connected"}
{"level":"info","message":"Message from anonym: dfddsfdfsd"}
{"level":"info","message":"Message from anonym: vfbbxcbxcbxc"}
{"level":"info","message":"User disconnected"}
{"level":"info","message":"A user connected"}
{"level":"info","message":"Message from anonym: wqwewqqweq"}
{"level":"info","message":"Message from anonym: erwerwer"}
{"level":"info","message":"Message from anonym: rewewrwer"}
{"level":"info","message":"Server running on port 3010"}
{"level":"info","message":"A user connected"}
{"level":"info","message":"Server running on port 3010"}
{"level":"info","message":"A user connected"}
{"level":"info","message":"Server running on port 3010"}
{"level":"info","message":"A user connected"}
{"level":"info","message":"A user connected"}
{"level":"info","message":"Server running on port 3010"}
{"level":"info","message":"A user connected"}
{"level":"info","message":"A user connected"}
{"level":"info","message":"User disconnected"}
{"level":"info","message":"A user connected"}
{"level":"info","message":"Server running on port 3010"}
{"level":"info","message":"A user connected"}
{"level":"info","message":"A user connected"}
{"level":"info","message":"User disconnected"}
{"level":"info","message":"A user connected"}
{"level":"info","message":"Message from anonym: dsdsdsds"}
{"level":"info","message":"Message from anonym: sddsd"}
{"level":"info","message":"User disconnected"}
{"level":"info","message":"A user connected"}
{"level":"info","message":"Message from anonym: dsdsd"}
{"level":"info","message":"Message from anonym: dsds"}
{"level":"info","message":"Message from anonym: sdsds"}
{"level":"info","message":"Message from anonym: dsdsd"}
{"level":"info","message":"Message from anonym: dsdsd"}
{"level":"info","message":"Message from anonym: dsdsd"}
{"level":"info","message":"Message from anonym: dsdsd"}
{"level":"info","message":"Message from anonym: dsds"}
{"level":"info","message":"Message from anonym: dsdsd"}
{"level":"info","message":"Message from anonym: dsdsd"}
{"level":"info","message":"Message from anonym: dsdsd"}
{"level":"info","message":"Message from anonym: dsds"}
{"level":"info","message":"Message from anonym: sd"}
{"level":"info","message":"User disconnected"}
{"level":"info","message":"A user connected"}
{"level":"info","message":"User disconnected"}
{"level":"info","message":"User disconnected"}
{"level":"info","message":"A user connected"}
{"level":"info","message":"User disconnected"}
{"level":"info","message":"A user connected"}
{"level":"info","message":"A user connected"}
{"level":"info","message":"User disconnected"}
{"level":"info","message":"User disconnected"}
{"level":"info","message":"A user connected"}
{"level":"info","message":"User disconnected"}
{"level":"info","message":"A user connected"}
{"level":"info","message":"A user connected"}
{"level":"info","message":"User disconnected"}
{"level":"info","message":"A user connected"}
{"level":"info","message":"Server running on port 3010"}
{"level":"info","message":"A user connected"}
{"level":"info","message":"A user connected"}
{"level":"info","message":"Message from anonym: dsdsdsds"}
{"level":"info","message":"Message from anonym: ttt"}
{"level":"info","message":"User disconnected"}
{"level":"info","message":"User disconnected"}
{"level":"info","message":"A user connected"}
{"level":"info","message":"User disconnected"}
{"level":"info","message":"A user connected"}
{"level":"info","message":"User disconnected"}
{"level":"info","message":"A user connected"}
{"level":"info","message":"User disconnected"}
{"level":"info","message":"A user connected"}
{"level":"info","message":"User disconnected"}
{"level":"info","message":"A user connected"}
{"level":"info","message":"User disconnected"}
{"level":"info","message":"A user connected"}
{"level":"info","message":"User disconnected"}
{"level":"info","message":"A user connected"}
{"level":"info","message":"User disconnected"}
{"level":"info","message":"A user connected"}
{"level":"info","message":"User disconnected"}
{"level":"info","message":"A user connected"}
{"level":"info","message":"User disconnected"}
{"level":"info","message":"A user connected"}
{"level":"info","message":"User disconnected"}
{"level":"info","message":"A user connected"}
{"level":"info","message":"User disconnected"}
{"level":"info","message":"A user connected"}
{"level":"info","message":"User disconnected"}
{"level":"info","message":"A user connected"}
{"level":"info","message":"User disconnected"}
{"level":"info","message":"A user connected"}
{"level":"info","message":"User disconnected"}
{"level":"info","message":"A user connected"}
{"level":"info","message":"User disconnected"}
{"level":"info","message":"A user connected"}
{"level":"info","message":"Message from anonym: sdasdas"}
{"level":"info","message":"User disconnected"}
{"level":"info","message":"A user connected"}
{"level":"info","message":"User disconnected"}
{"level":"info","message":"A user connected"}
{"level":"info","message":"User disconnected"}
{"level":"info","message":"A user connected"}
{"level":"info","message":"User disconnected"}
{"level":"info","message":"Server running on port 3010"}
{"level":"info","message":"A user connected"}
{"level":"info","message":"User disconnected"}
{"level":"info","message":"Server running on port 3010"}
{"level":"info","message":"Server running on port 3010"}
{"level":"info","message":"Server running on port 3010"}
{"level":"info","message":"Server running on port 3010"}
{"level":"info","message":"Server running on port 3010"}
{"level":"info","message":"Server running on port 3010"}
{"level":"info","message":"Server running on port 3010"}
{"level":"info","message":"Server running on port 3010"}
{"level":"info","message":"User registered: parenzlo@gmail.com"}
{"level":"info","message":"Server running on port 3010"}
{"level":"info","message":"Server running on port 3010"}
{"level":"info","message":"Server running on port 3010"}
{"level":"info","message":"User registered: parenzlo@gmail.com"}
{"level":"info","message":"User registered: parenzlo3@gmail.com"}
{"level":"info","message":"User logged in: parenzlo3@gmail.com"}
{"level":"info","message":"User logged in: parenzlo3@gmail.com"}
{"level":"info","message":"User registered: parenzlo4@gmail.com"}
{"level":"info","message":"A user connected"}
{"level":"info","message":"User disconnected"}
{"level":"info","message":"User registered: parenzlo55@gmail.com"}
{"level":"info","message":"A user connected"}
{"level":"info","message":"User disconnected"}
{"level":"info","message":"Server running on port 3010"}
{"level":"info","message":"Server running on port 3010"}
{"level":"info","message":"Server running on port 3010"}
{"level":"info","message":"User registered: parenzloererer@gmail.com"}
{"level":"info","message":"A user connected"}
{"level":"info","message":"User disconnected"}
{"level":"info","message":"Server running on port 3010"}
{"level":"info","message":"Server running on port 3010"}
{"level":"info","message":"Server running on port 3010"}
{"level":"info","message":"Server running on port 3010"}
{"level":"info","message":"Server running on port 3010"}
{"level":"info","message":"Server running on port 3010"}
{"level":"info","message":"Server running on port 3010"}
{"level":"info","message":"Server running on port 3010"}
{"level":"info","message":"User registered: parenzlo22@gmail.com"}
{"level":"info","message":"User logged in: parenzlo22@gmail.com"}
{"level":"info","message":"A user connected"}
{"level":"info","message":"User disconnected"}
{"level":"info","message":"User logged in: parenzlo22@gmail.com"}
{"level":"info","message":"A user connected"}
{"level":"info","message":"User disconnected"}
{"level":"info","message":"A user connected"}
{"level":"info","message":"User disconnected"}
{"level":"info","message":"A user connected"}
{"level":"info","message":"Message from anonym: dsdsdsadsadsadasd"}
{"level":"info","message":"Message from anonym: dsadsadasd"}
{"level":"info","message":"User disconnected"}
{"level":"info","message":"A user connected"}
{"level":"info","message":"User disconnected"}
{"level":"info","message":"User logged in: parenzlo22@gmail.com"}
{"level":"info","message":"User logged in: parenzlo22@gmail.com"}
{"level":"info","message":"A user connected"}
{"level":"info","message":"Message from anonym: dsdasdasd"}
{"level":"info","message":"Message from anonym: dsdsads"}
{"level":"info","message":"Message from anonym: dsdsdsdasd"}
{"level":"info","message":"Message from anonym: ddsdsdsdsd"}
{"level":"info","message":"User disconnected"}
{"level":"info","message":"A user connected"}
{"level":"info","message":"User disconnected"}
{"level":"info","message":"A user connected"}
{"level":"info","message":"User disconnected"}
{"level":"info","message":"A user connected"}
{"level":"info","message":"User disconnected"}
{"level":"info","message":"A user connected"}
{"level":"info","message":"User disconnected"}
{"level":"info","message":"A user connected"}
{"level":"info","message":"User disconnected"}
{"level":"info","message":"A user connected"}
{"level":"info","message":"User disconnected"}
{"level":"info","message":"A user connected"}
{"level":"info","message":"User disconnected"}
{"level":"info","message":"A user connected"}
{"level":"info","message":"User disconnected"}
{"level":"info","message":"A user connected"}
{"level":"info","message":"User disconnected"}
{"level":"info","message":"A user connected"}
{"level":"info","message":"User disconnected"}
{"level":"info","message":"A user connected"}
{"level":"info","message":"User disconnected"}
{"level":"info","message":"A user connected"}
{"level":"info","message":"User disconnected"}
{"level":"info","message":"A user connected"}
{"level":"info","message":"User disconnected"}
{"level":"info","message":"A user connected"}
{"level":"info","message":"User disconnected"}
{"level":"info","message":"A user connected"}
{"level":"info","message":"User disconnected"}
{"level":"info","message":"A user connected"}
{"level":"info","message":"User disconnected"}
{"level":"info","message":"A user connected"}
{"level":"info","message":"User disconnected"}
{"level":"info","message":"A user connected"}
{"level":"info","message":"User disconnected"}
{"level":"info","message":"A user connected"}
{"level":"info","message":"User disconnected"}
{"level":"info","message":"A user connected"}
{"level":"info","message":"User disconnected"}
{"level":"info","message":"A user connected"}
{"level":"info","message":"User disconnected"}
{"level":"info","message":"A user connected"}
{"level":"info","message":"User disconnected"}
{"level":"info","message":"A user connected"}
{"level":"info","message":"User disconnected"}
{"level":"info","message":"A user connected"}
{"level":"info","message":"User disconnected"}
{"level":"info","message":"A user connected"}
{"level":"info","message":"User disconnected"}
{"level":"info","message":"A user connected"}
{"level":"info","message":"User disconnected"}
{"level":"info","message":"A user connected"}
{"level":"info","message":"User disconnected"}
{"level":"info","message":"A user connected"}
{"level":"info","message":"User disconnected"}
{"level":"info","message":"A user connected"}
{"level":"info","message":"User disconnected"}
{"level":"info","message":"A user connected"}
{"level":"info","message":"User disconnected"}
{"level":"info","message":"A user connected"}
{"level":"info","message":"User disconnected"}
{"level":"info","message":"A user connected"}
{"level":"info","message":"User disconnected"}
{"level":"info","message":"A user connected"}
{"level":"info","message":"User disconnected"}
{"level":"info","message":"A user connected"}
{"level":"info","message":"User disconnected"}
{"level":"info","message":"A user connected"}
{"level":"info","message":"User disconnected"}
{"level":"info","message":"A user connected"}
{"level":"info","message":"User disconnected"}
{"level":"info","message":"A user connected"}
{"level":"info","message":"User disconnected"}
{"level":"info","message":"A user connected"}
{"level":"info","message":"User disconnected"}
{"level":"info","message":"A user connected"}
{"level":"info","message":"User disconnected"}
{"level":"info","message":"A user connected"}
{"level":"info","message":"User disconnected"}
{"level":"info","message":"A user connected"}
{"level":"info","message":"User disconnected"}
{"level":"info","message":"A user connected"}
{"level":"info","message":"User disconnected"}
{"level":"info","message":"A user connected"}
{"level":"info","message":"User disconnected"}
{"level":"info","message":"A user connected"}
{"level":"info","message":"User disconnected"}
{"level":"info","message":"A user connected"}
{"level":"info","message":"User disconnected"}
{"level":"info","message":"A user connected"}
{"level":"info","message":"User disconnected"}
{"level":"info","message":"A user connected"}
{"level":"info","message":"User disconnected"}
{"level":"info","message":"A user connected"}
{"level":"info","message":"User disconnected"}
{"level":"info","message":"A user connected"}
{"level":"info","message":"User disconnected"}
{"level":"info","message":"A user connected"}
{"level":"info","message":"User disconnected"}
{"level":"info","message":"A user connected"}
{"level":"info","message":"User disconnected"}
{"level":"info","message":"A user connected"}
{"level":"info","message":"User disconnected"}
{"level":"info","message":"A user connected"}
{"level":"info","message":"User disconnected"}
{"level":"info","message":"A user connected"}
{"level":"info","message":"User disconnected"}
{"level":"info","message":"A user connected"}
{"level":"info","message":"User disconnected"}
{"level":"info","message":"A user connected"}
{"level":"info","message":"User disconnected"}
{"level":"info","message":"A user connected"}
{"level":"info","message":"User disconnected"}
{"level":"info","message":"A user connected"}
{"level":"info","message":"User disconnected"}
{"level":"info","message":"A user connected"}
{"level":"info","message":"User disconnected"}
{"level":"info","message":"A user connected"}
{"level":"info","message":"User disconnected"}
{"level":"info","message":"A user connected"}
{"level":"info","message":"User disconnected"}
{"level":"info","message":"A user connected"}
{"level":"info","message":"User disconnected"}
{"level":"info","message":"A user connected"}
{"level":"info","message":"User disconnected"}
{"level":"info","message":"A user connected"}
{"level":"info","message":"User disconnected"}
{"level":"info","message":"A user connected"}
{"level":"info","message":"User disconnected"}
{"level":"info","message":"A user connected"}
{"level":"info","message":"User disconnected"}
{"level":"info","message":"A user connected"}
{"level":"info","message":"User disconnected"}
{"level":"info","message":"A user connected"}
{"level":"info","message":"User disconnected"}
{"level":"info","message":"A user connected"}
{"level":"info","message":"User disconnected"}
{"level":"info","message":"A user connected"}
{"level":"info","message":"User disconnected"}
{"level":"info","message":"A user connected"}
{"level":"info","message":"User disconnected"}
{"level":"info","message":"A user connected"}
{"level":"info","message":"User disconnected"}
{"level":"info","message":"A user connected"}
{"level":"info","message":"User disconnected"}
{"level":"info","message":"A user connected"}
{"level":"info","message":"User disconnected"}
{"level":"info","message":"A user connected"}
{"level":"info","message":"User disconnected"}
{"level":"info","message":"A user connected"}
{"level":"info","message":"User disconnected"}
{"level":"info","message":"A user connected"}
{"level":"info","message":"User disconnected"}
{"level":"info","message":"A user connected"}
{"level":"info","message":"User disconnected"}
{"level":"info","message":"A user connected"}
{"level":"info","message":"User disconnected"}
{"level":"info","message":"A user connected"}
{"level":"info","message":"User disconnected"}
{"level":"info","message":"A user connected"}
{"level":"info","message":"Message from anonym: jbkbkjbkjbk"}
{"level":"info","message":"User disconnected"}
{"level":"info","message":"A user connected"}
{"level":"info","message":"User disconnected"}
{"level":"info","message":"User registered: parenzlo33@gmail.com"}
{"level":"info","message":"Server running on port 3010"}
{"level":"info","message":"Server running on port 3010"}
{"level":"info","message":"Server running on port 3010"}
{"level":"info","message":"Server running on port 3010"}
{"level":"info","message":"User registered: parenzlo333@gmail.com"}
{"level":"info","message":"Server running on port 3010"}
{"level":"info","message":"Server running on port 3010"}
{"level":"info","message":"Server running on port 3010"}
{"level":"info","message":"Server running on port 3010"}
{"level":"info","message":"Server running on port 3010"}
{"level":"info","message":"Server running on port 3010"}
{"level":"info","message":"User registered: parenzlo@gmail.com"}
{"level":"info","message":"User registered: parenzlo444@gmail.com"}
{"level":"info","message":"User registered: parenzlo4444@gmail.com"}
{"level":"info","message":"User registered: parenzlo44445@gmail.com"}
{"level":"info","message":"User registered: vales@mail.ru"}
{"level":"info","message":"User logged in: vales@mail.ru"}
{"level":"info","message":"A user connected"}
{"level":"info","message":"Message from anonym: fdsffdfdsfsdf"}
{"level":"info","message":"Message from anonym: dfsdfdsfdsfsdf"}
{"level":"info","message":"User disconnected"}
{"level":"info","message":"User logged in: vales@mail.ru"}
{"level":"info","message":"A user connected"}
{"level":"info","message":"User disconnected"}
{"level":"info","message":"User logged in: vales@mail.ru"}
{"level":"info","message":"A user connected"}
{"level":"info","message":"User disconnected"}
{"level":"info","message":"A user connected"}
{"level":"info","message":"User disconnected"}
{"level":"info","message":"A user connected"}
{"level":"info","message":"User disconnected"}
{"level":"info","message":"A user connected"}
{"level":"info","message":"User disconnected"}
{"level":"info","message":"A user connected"}
{"level":"info","message":"User disconnected"}
{"level":"info","message":"A user connected"}
{"level":"info","message":"User disconnected"}
{"level":"info","message":"A user connected"}
{"level":"info","message":"User disconnected"}
{"level":"info","message":"A user connected"}
{"level":"info","message":"User disconnected"}
{"level":"info","message":"A user connected"}
{"level":"info","message":"User disconnected"}
{"level":"info","message":"A user connected"}
{"level":"info","message":"User disconnected"}
{"level":"info","message":"A user connected"}
{"level":"info","message":"User disconnected"}
{"level":"info","message":"A user connected"}
{"level":"info","message":"User disconnected"}
{"level":"info","message":"A user connected"}
{"level":"info","message":"User disconnected"}
{"level":"info","message":"A user connected"}
{"level":"info","message":"User disconnected"}
{"level":"info","message":"A user connected"}
{"level":"info","message":"User disconnected"}
{"level":"info","message":"A user connected"}
{"level":"info","message":"User disconnected"}
{"level":"info","message":"A user connected"}
{"level":"info","message":"User disconnected"}
{"level":"info","message":"A user connected"}
{"level":"info","message":"User disconnected"}
{"level":"info","message":"A user connected"}
{"level":"info","message":"User disconnected"}
{"level":"info","message":"A user connected"}
{"level":"info","message":"User disconnected"}
{"level":"info","message":"A user connected"}
{"level":"info","message":"User disconnected"}
{"level":"info","message":"A user connected"}
{"level":"info","message":"User disconnected"}
{"level":"info","message":"A user connected"}
{"level":"info","message":"User disconnected"}
{"level":"info","message":"A user connected"}
{"level":"info","message":"User disconnected"}
{"level":"info","message":"A user connected"}
{"level":"info","message":"User disconnected"}
{"level":"info","message":"User logged in: vales@mail.ru"}
{"level":"info","message":"A user connected"}
{"level":"info","message":"User disconnected"}
{"level":"info","message":"User logged in: vales@mail.ru"}
{"level":"info","message":"A user connected"}
{"level":"info","message":"User disconnected"}
{"level":"info","message":"Server running on port 3010"}
{"level":"info","message":"Server running on port 3010"}
{"level":"info","message":"Server running on port 3010"}
{"level":"info","message":"Server running on port 3010"}
{"level":"info","message":"User registered: test@mail.ru"}
{"level":"info","message":"User logged in: test@mail.ru"}
{"level":"info","message":"A user connected"}
{"level":"info","message":"Message from anonym: xczxczczxczxzx"}
{"level":"info","message":"User disconnected"}
{"level":"info","message":"User logged in: test@mail.ru"}
{"level":"info","message":"A user connected"}
{"level":"info","message":"Server running on port 3010"}
{"level":"info","message":"A user connected"}
{"level":"info","message":"Server running on port 3010"}
{"level":"info","message":"Server running on port 3010"}
{"level":"info","message":"A user connected"}
{"level":"info","message":"Server running on port 3010"}
{"level":"info","message":"A user connected"}
{"level":"info","message":"Server running on port 3010"}
{"level":"info","message":"A user connected"}
{"level":"info","message":"Server running on port 3010"}
{"level":"info","message":"A user connected"}
{"level":"info","message":"Server running on port 3010"}
{"level":"info","message":"A user connected"}
{"level":"info","message":"Server running on port 3010"}
{"level":"info","message":"A user connected"}
{"level":"info","message":"Server running on port 3010"}
{"level":"info","message":"A user connected"}
{"level":"info","message":"Server running on port 3010"}
{"level":"info","message":"A user connected"}
{"level":"info","message":"Server running on port 3010"}
{"level":"info","message":"A user connected"}
{"level":"info","message":"Server running on port 3010"}
{"level":"info","message":"A user connected"}
{"level":"info","message":"Server running on port 3010"}
{"level":"info","message":"A user connected"}
{"level":"info","message":"Server running on port 3010"}
{"level":"info","message":"user connected"}
{"level":"info","message":"User disconnected"}
{"level":"info","message":"user connected"}
{"level":"info","message":"User disconnected"}
{"level":"info","message":"user connected"}
{"level":"info","message":"Server running on port 3010"}
{"level":"info","message":"user connected"}
{"level":"info","message":"Server running on port 3010"}
{"level":"info","message":"user connected"}
{"level":"info","message":"User disconnected"}
{"level":"info","message":"user connected"}
{"level":"info","message":"User disconnected"}
{"level":"info","message":"user connected"}
{"level":"info","message":"Server running on port 3010"}
{"level":"info","message":"Server running on port 3010"}
{"level":"info","message":"user connected"}
{"level":"info","message":"Message from anonym: sdsdsdsds"}
{"level":"info","message":"Server running on port 3010"}
{"level":"info","message":"user connected"}
{"level":"info","message":"Server running on port 3010"}
{"level":"info","message":"user connected"}
{"level":"info","message":"Message from anonym: ffsfsdfsdfdsfsdf"}
{"level":"info","message":"New name effertrete: effertrete"}
{"level":"info","message":"Message from effertrete: dsfsdfdsfsdfds"}
{"level":"info","message":"Server running on port 3010"}
{"level":"info","message":"Server running on port 3010"}
{"level":"info","message":"Server running on port 3010"}
{"level":"info","message":"User registered: test@mail.ru"}
{"level":"info","message":"User logged in: test@mail.ru"}
{"level":"info","message":"user connected"}
{"level":"info","message":"Message from anonym: ccvxcvxcvxcvxvcvcvcvcxvxcvfffgf"}
{"level":"info","message":"Server running on port 3010"}
{"level":"info","message":"Server running on port 3010"}
{"level":"info","message":"Server running on port 3010"}
{"level":"info","message":"User registered: test@mail.ru"}
{"level":"info","message":"User logged in: test@mail.ru"}
{"level":"info","message":"user connected"}
{"level":"info","message":"Message from Red: dfdfdfrfsrsgdsgdgsrgsgdgsdg"}
{"level":"info","message":"user connected"}
{"level":"info","message":"User disconnected"}
{"level":"info","message":"User registered: kanapelka.petr@gmail.com"}
{"level":"info","message":"User logged in: kanapelka.petr@gmail.com"}
{"level":"info","message":"user connected"}
{"level":"info","message":"user connected"}
{"level":"info","message":"Message from Rembo: sdfdsfdfsdfsdfds"}
{"level":"info","message":"Message from Rembo: sdfdsfdfsdfsdfds"}
{"level":"info","message":"Message from Red: ffdfdfdffdf"}
{"level":"info","message":"Message from Rembo: dfdfddfdf"}
{"level":"info","message":"Message from Rembo: dfdfddfdf"}
{"level":"info","message":"Message from Red: qwewqewqrerergds"}
{"level":"info","message":"Message from Rembo: sdfdsfdfsdfsdfds"}
{"level":"info","message":"Message from Rembo: sdfdsfdfsdfsdfds"}
{"level":"info","message":"User disconnected"}
{"level":"info","message":"User disconnected"}
{"level":"info","message":"user connected"}
{"level":"info","message":"user connected"}
{"level":"info","message":"Message from Rembo: dfdsffd"}
{"level":"info","message":"Message from Rembo: dfdsffd"}
{"level":"info","message":"Message from Rembo: 2e2"}
{"level":"info","message":"Message from Rembo: 2e2"}
{"level":"info","message":"Message from Red: 333"}
{"level":"info","message":"Server running on port 3010"}
{"level":"info","message":"Server running on port 3010"}
{"level":"info","message":"Server running on port 3010"}
{"level":"info","message":"Server running on port 3010"}
{"level":"info","message":"Server running on port 3010"}
{"level":"info","message":"Server running on port 3010"}
{"level":"info","message":"Server running on port 3010"}
{"level":"info","message":"Server running on port 3010"}
{"level":"info","message":"Server running on port 3010"}
{"level":"info","message":"Server running on port 3010"}
{"level":"info","message":"Server running on port 3010"}
{"level":"info","message":"Server running on port 3010"}
{"level":"info","message":"Server running on port 3010"}
{"level":"info","message":"Server running on port 3010"}
{"level":"info","message":"Server running on port 3010"}
{"level":"info","message":"Server running on port 3010"}
{"level":"info","message":"Server running on port 3010"}
{"level":"info","message":"Server running on port 3010"}
{"level":"info","message":"Server running on port 3010"}
{"level":"info","message":"Server running on port 3010"}
{"level":"info","message":"Server running on port 3010"}
{"level":"info","message":"Server running on port 3010"}
{"level":"info","message":"Server running on port 3010"}
{"level":"info","message":"Server running on port 3010"}
{"level":"info","message":"Server running on port 3010"}
{"level":"info","message":"Server running on port 3010"}
{"level":"info","message":"Server running on port 3010"}
{"level":"info","message":"Server running on port 3010"}
{"level":"info","message":"Server running on port 3010"}
{"level":"info","message":"Server running on port 3010"}
{"level":"info","message":"Server running on port 3010"}
{"level":"info","message":"User registered: test@mail.ru"}
{"level":"info","message":"User logged in: test@mail.ru"}
{"level":"info","message":"user connected"}
{"level":"info","message":"User disconnected"}
{"level":"info","message":"user connected"}
{"level":"info","message":"user connected"}
{"level":"info","message":"User disconnected"}
{"level":"info","message":"user connected"}
{"level":"info","message":"User disconnected"}
{"level":"info","message":"User logged in: test@mail.ru"}
{"level":"info","message":"user connected"}
{"level":"info","message":"user connected"}
{"level":"info","message":"User disconnected"}
{"level":"info","message":"User disconnected"}
{"level":"info","message":"user connected"}
{"level":"info","message":"user connected"}
{"level":"info","message":"User disconnected"}
{"level":"info","message":"user connected"}
{"level":"info","message":"user connected"}
{"level":"info","message":"User disconnected"}
{"level":"info","message":"User disconnected"}
{"level":"info","message":"User disconnected"}
{"level":"info","message":"User disconnected"}
{"level":"info","message":"user connected"}
{"level":"info","message":"user connected"}
{"level":"info","message":"user connected"}
{"level":"info","message":"user connected"}
{"level":"info","message":"Message from Test: fgfgrreyryeryeryerer"}
{"level":"info","message":"Message from Test: fgfgrreyryeryeryerer"}
{"level":"info","message":"Message from Test: sddsfsd"}
{"level":"info","message":"Message from Test: sddsfsd"}
{"level":"info","message":"New name 123213123: 123213123"}
{"level":"info","message":"New name 123213123: 123213123"}
{"level":"info","message":"Message from 123213123: 432432423423"}
{"level":"info","message":"Message from 123213123: 432432423423"}
{"level":"info","message":"Message from 123213123: 423423"}
{"level":"info","message":"Message from 123213123: 423423"}
{"level":"info","message":"New name 123213123: 123213123"}
{"level":"info","message":"New name 123213123: 123213123"}
{"level":"info","message":"User disconnected"}
{"level":"info","message":"User disconnected"}
{"level":"info","message":"user connected"}
{"level":"info","message":"user connected"}
{"level":"info","message":"Server running on port 3010"}
{"level":"info","message":"Server running on port 3010"}
{"level":"info","message":"Server running on port 3010"}
{"level":"info","message":"Server running on port 3010"}
{"level":"info","message":"Server running on port 3010"}
{"level":"info","message":"Server running on port 3010"}
{"level":"info","message":"Server running on port 3010"}
{"level":"info","message":"User registered: test@mail.ru"}
{"level":"info","message":"User logged in: test@mail.ru"}
{"level":"info","message":"user connected"}
{"level":"info","message":"User disconnected"}
{"level":"info","message":"User logged in: test@mail.ru"}
{"level":"info","message":"user connected"}
{"level":"info","message":"user connected"}
{"level":"info","message":"User disconnected"}
{"level":"info","message":"User disconnected"}
{"level":"info","message":"user connected"}
{"level":"info","message":"user connected"}
{"level":"info","message":"User disconnected"}
{"level":"info","message":"User disconnected"}
{"level":"info","message":"user connected"}
{"level":"info","message":"user connected"}
{"level":"info","message":"User disconnected"}
{"level":"info","message":"User disconnected"}
{"level":"info","message":"user connected"}
{"level":"info","message":"user connected"}
{"level":"info","message":"User disconnected"}
{"level":"info","message":"User disconnected"}
{"level":"info","message":"user connected"}
{"level":"info","message":"user connected"}
{"level":"info","message":"User disconnected"}
{"level":"info","message":"User disconnected"}
{"level":"info","message":"user connected"}
{"level":"info","message":"user connected"}
{"level":"info","message":"User disconnected"}
{"level":"info","message":"User disconnected"}
{"level":"info","message":"user connected"}
{"level":"info","message":"user connected"}
{"level":"info","message":"User logged in: test@mail.ru"}
{"level":"info","message":"user connected"}
{"level":"info","message":"user connected"}
{"level":"info","message":"user connected"}
{"level":"info","message":"User disconnected"}
{"level":"info","message":"User disconnected"}
{"level":"info","message":"User disconnected"}
{"level":"info","message":"user connected"}
{"level":"info","message":"user connected"}
{"level":"info","message":"user connected"}
{"level":"info","message":"User disconnected"}
{"level":"info","message":"User disconnected"}
{"level":"info","message":"user connected"}
{"level":"info","message":"user connected"}
{"level":"info","message":"user connected"}
{"level":"info","message":"User disconnected"}
{"level":"info","message":"User disconnected"}
{"level":"info","message":"User disconnected"}
{"level":"info","message":"user connected"}
{"level":"info","message":"user connected"}
{"level":"info","message":"user connected"}
{"level":"info","message":"User disconnected"}
{"level":"info","message":"User disconnected"}
{"level":"info","message":"User disconnected"}
{"level":"info","message":"user connected"}
{"level":"info","message":"user connected"}
{"level":"info","message":"user connected"}
{"level":"info","message":"User disconnected"}
{"level":"info","message":"User disconnected"}
{"level":"info","message":"User disconnected"}
{"level":"info","message":"user connected"}
{"level":"info","message":"user connected"}
{"level":"info","message":"user connected"}
{"level":"info","message":"User disconnected"}
{"level":"info","message":"User disconnected"}
{"level":"info","message":"User disconnected"}
{"level":"info","message":"user connected"}
{"level":"info","message":"user connected"}
{"level":"info","message":"user connected"}
{"level":"info","message":"Message from Tester: wewewewe"}
{"level":"info","message":"Message from Tester: wewewewe"}
{"level":"info","message":"Message from Tester: wewewewe"}
{"level":"info","message":"Message from Tester: weewee"}
{"level":"info","message":"Message from Tester: weewee"}
{"level":"info","message":"Message from Tester: weewee"}
{"level":"info","message":"User disconnected"}
{"level":"info","message":"User disconnected"}
{"level":"info","message":"User disconnected"}
{"level":"info","message":"user connected"}
{"level":"info","message":"user connected"}
{"level":"info","message":"user connected"}
{"level":"info","message":"User disconnected"}
{"level":"info","message":"User disconnected"}
{"level":"info","message":"User disconnected"}
{"level":"info","message":"user connected"}
{"level":"info","message":"user connected"}
{"level":"info","message":"user connected"}
{"level":"info","message":"User disconnected"}
{"level":"info","message":"User disconnected"}
{"level":"info","message":"User disconnected"}
{"level":"info","message":"user connected"}
{"level":"info","message":"user connected"}
{"level":"info","message":"user connected"}
{"level":"info","message":"User disconnected"}
{"level":"info","message":"User disconnected"}
{"level":"info","message":"User disconnected"}
{"level":"info","message":"user connected"}
{"level":"info","message":"user connected"}
{"level":"info","message":"user connected"}
{"level":"info","message":"User disconnected"}
{"level":"info","message":"User disconnected"}
{"level":"info","message":"User disconnected"}
{"level":"info","message":"user connected"}
{"level":"info","message":"user connected"}
{"level":"info","message":"user connected"}
{"level":"info","message":"User disconnected"}
{"level":"info","message":"User disconnected"}
{"level":"info","message":"User disconnected"}
{"level":"info","message":"user connected"}
{"level":"info","message":"user connected"}
{"level":"info","message":"user connected"}
{"level":"info","message":"User disconnected"}
{"level":"info","message":"User disconnected"}
{"level":"info","message":"User disconnected"}
{"level":"info","message":"user connected"}
{"level":"info","message":"user connected"}
{"level":"info","message":"user connected"}
{"level":"info","message":"User disconnected"}
{"level":"info","message":"User disconnected"}
{"level":"info","message":"User disconnected"}
{"level":"info","message":"user connected"}
{"level":"info","message":"user connected"}
{"level":"info","message":"user connected"}
{"level":"info","message":"User disconnected"}
{"level":"info","message":"User disconnected"}
{"level":"info","message":"User disconnected"}
{"level":"info","message":"user connected"}
{"level":"info","message":"user connected"}
{"level":"info","message":"user connected"}
{"level":"info","message":"User disconnected"}
{"level":"info","message":"User disconnected"}
{"level":"info","message":"User disconnected"}
{"level":"info","message":"user connected"}
{"level":"info","message":"user connected"}
{"level":"info","message":"user connected"}
{"level":"info","message":"User disconnected"}
{"level":"info","message":"User disconnected"}
{"level":"info","message":"User disconnected"}
{"level":"info","message":"user connected"}
{"level":"info","message":"user connected"}
{"level":"info","message":"user connected"}
{"level":"info","message":"User disconnected"}
{"level":"info","message":"User disconnected"}
{"level":"info","message":"User disconnected"}
{"level":"info","message":"user connected"}
{"level":"info","message":"user connected"}
{"level":"info","message":"user connected"}
{"level":"info","message":"User disconnected"}
{"level":"info","message":"User disconnected"}
{"level":"info","message":"User disconnected"}
{"level":"info","message":"user connected"}
{"level":"info","message":"user connected"}
{"level":"info","message":"user connected"}
{"level":"info","message":"User disconnected"}
{"level":"info","message":"User disconnected"}
{"level":"info","message":"User disconnected"}
{"level":"info","message":"user connected"}
{"level":"info","message":"user connected"}
{"level":"info","message":"user connected"}
{"level":"info","message":"User disconnected"}
{"level":"info","message":"User disconnected"}
{"level":"info","message":"User disconnected"}
{"level":"info","message":"user connected"}
{"level":"info","message":"user connected"}
{"level":"info","message":"user connected"}
{"level":"info","message":"User disconnected"}
{"level":"info","message":"User disconnected"}
{"level":"info","message":"User disconnected"}
{"level":"info","message":"user connected"}
{"level":"info","message":"user connected"}
{"level":"info","message":"user connected"}
{"level":"info","message":"User disconnected"}
{"level":"info","message":"User disconnected"}
{"level":"info","message":"User disconnected"}
{"level":"info","message":"user connected"}
{"level":"info","message":"user connected"}
{"level":"info","message":"user connected"}
{"level":"info","message":"User disconnected"}
{"level":"info","message":"User disconnected"}
{"level":"info","message":"User disconnected"}
{"level":"info","message":"user connected"}
{"level":"info","message":"user connected"}
{"level":"info","message":"user connected"}
{"level":"info","message":"User disconnected"}
{"level":"info","message":"User disconnected"}
{"level":"info","message":"User disconnected"}
{"level":"info","message":"user connected"}
{"level":"info","message":"user connected"}
{"level":"info","message":"user connected"}
{"level":"info","message":"User disconnected"}
{"level":"info","message":"User disconnected"}
{"level":"info","message":"User disconnected"}
{"level":"info","message":"user connected"}
{"level":"info","message":"user connected"}
{"level":"info","message":"user connected"}
{"level":"info","message":"User disconnected"}
{"level":"info","message":"User disconnected"}
{"level":"info","message":"User disconnected"}
{"level":"info","message":"user connected"}
{"level":"info","message":"user connected"}
{"level":"info","message":"user connected"}
{"level":"info","message":"User disconnected"}
{"level":"info","message":"User disconnected"}
{"level":"info","message":"User disconnected"}
{"level":"info","message":"user connected"}
{"level":"info","message":"user connected"}
{"level":"info","message":"user connected"}
{"level":"info","message":"User disconnected"}
{"level":"info","message":"User disconnected"}
{"level":"info","message":"User disconnected"}
{"level":"info","message":"user connected"}
{"level":"info","message":"user connected"}
{"level":"info","message":"user connected"}
{"level":"info","message":"User disconnected"}
{"level":"info","message":"User disconnected"}
{"level":"info","message":"User disconnected"}
{"level":"info","message":"user connected"}
{"level":"info","message":"user connected"}
{"level":"info","message":"user connected"}
{"level":"info","message":"User disconnected"}
{"level":"info","message":"User disconnected"}
{"level":"info","message":"User disconnected"}
{"level":"info","message":"user connected"}
{"level":"info","message":"user connected"}
{"level":"info","message":"user connected"}
{"level":"info","message":"User disconnected"}
{"level":"info","message":"User disconnected"}
{"level":"info","message":"User disconnected"}
{"level":"info","message":"user connected"}
{"level":"info","message":"user connected"}
{"level":"info","message":"user connected"}
{"level":"info","message":"User disconnected"}
{"level":"info","message":"User disconnected"}
{"level":"info","message":"User disconnected"}
{"level":"info","message":"user connected"}
{"level":"info","message":"user connected"}
{"level":"info","message":"user connected"}
{"level":"info","message":"User disconnected"}
{"level":"info","message":"User disconnected"}
{"level":"info","message":"User disconnected"}
{"level":"info","message":"user connected"}
{"level":"info","message":"user connected"}
{"level":"info","message":"user connected"}
{"level":"info","message":"User disconnected"}
{"level":"info","message":"User disconnected"}
{"level":"info","message":"User disconnected"}
{"level":"info","message":"user connected"}
{"level":"info","message":"user connected"}
{"level":"info","message":"user connected"}
{"level":"info","message":"User disconnected"}
{"level":"info","message":"User disconnected"}
{"level":"info","message":"User disconnected"}
{"level":"info","message":"user connected"}
{"level":"info","message":"user connected"}
{"level":"info","message":"user connected"}
{"level":"info","message":"User disconnected"}
{"level":"info","message":"User disconnected"}
{"level":"info","message":"User disconnected"}
{"level":"info","message":"user connected"}
{"level":"info","message":"user connected"}
{"level":"info","message":"user connected"}
{"level":"info","message":"User disconnected"}
{"level":"info","message":"User disconnected"}
{"level":"info","message":"User disconnected"}
{"level":"info","message":"user connected"}
{"level":"info","message":"user connected"}
{"level":"info","message":"user connected"}
{"level":"info","message":"User disconnected"}
{"level":"info","message":"User disconnected"}
{"level":"info","message":"User disconnected"}
{"level":"info","message":"user connected"}
{"level":"info","message":"user connected"}
{"level":"info","message":"user connected"}
{"level":"info","message":"User disconnected"}
{"level":"info","message":"User disconnected"}
{"level":"info","message":"User disconnected"}
{"level":"info","message":"User disconnected"}
{"level":"info","message":"User disconnected"}
{"level":"info","message":"User disconnected"}
{"level":"info","message":"user connected"}
{"level":"info","message":"user connected"}
{"level":"info","message":"user connected"}
{"level":"info","message":"user connected"}
{"level":"info","message":"user connected"}
{"level":"info","message":"user connected"}
{"level":"info","message":"User disconnected"}
{"level":"info","message":"User disconnected"}
{"level":"info","message":"User disconnected"}
{"level":"info","message":"user connected"}
{"level":"info","message":"user connected"}
{"level":"info","message":"user connected"}
{"level":"info","message":"User disconnected"}
{"level":"info","message":"User disconnected"}
{"level":"info","message":"User disconnected"}
{"level":"info","message":"user connected"}
{"level":"info","message":"user connected"}
{"level":"info","message":"user connected"}
{"level":"info","message":"User disconnected"}
{"level":"info","message":"User disconnected"}
{"level":"info","message":"User disconnected"}
{"level":"info","message":"user connected"}
{"level":"info","message":"user connected"}
{"level":"info","message":"user connected"}
{"level":"info","message":"User disconnected"}
{"level":"info","message":"User disconnected"}
{"level":"info","message":"User disconnected"}
{"level":"info","message":"user connected"}
{"level":"info","message":"user connected"}
{"level":"info","message":"user connected"}
{"level":"info","message":"User disconnected"}
{"level":"info","message":"User disconnected"}
{"level":"info","message":"User disconnected"}
{"level":"info","message":"user connected"}
{"level":"info","message":"user connected"}
{"level":"info","message":"user connected"}
{"level":"info","message":"User disconnected"}
{"level":"info","message":"User disconnected"}
{"level":"info","message":"User disconnected"}
{"level":"info","message":"user connected"}
{"level":"info","message":"user connected"}
{"level":"info","message":"user connected"}
{"level":"info","message":"User disconnected"}
{"level":"info","message":"User disconnected"}
{"level":"info","message":"User disconnected"}
{"level":"info","message":"User disconnected"}
{"level":"info","message":"User disconnected"}
{"level":"info","message":"User disconnected"}
{"level":"info","message":"user connected"}
{"level":"info","message":"user connected"}
{"level":"info","message":"user connected"}
{"level":"info","message":"User disconnected"}
{"level":"info","message":"User disconnected"}
{"level":"info","message":"User disconnected"}
{"level":"info","message":"user connected"}
{"level":"info","message":"user connected"}
{"level":"info","message":"user connected"}
{"level":"info","message":"User disconnected"}
{"level":"info","message":"User disconnected"}
{"level":"info","message":"User disconnected"}
{"level":"info","message":"user connected"}
{"level":"info","message":"user connected"}
{"level":"info","message":"user connected"}
{"level":"info","message":"User disconnected"}
{"level":"info","message":"User disconnected"}
{"level":"info","message":"User disconnected"}
{"level":"info","message":"user connected"}
{"level":"info","message":"user connected"}
{"level":"info","message":"user connected"}
{"level":"info","message":"User disconnected"}
{"level":"info","message":"User disconnected"}
{"level":"info","message":"User disconnected"}
{"level":"info","message":"User logged in: test@mail.ru"}
{"level":"info","message":"user connected"}
{"level":"info","message":"user connected"}
{"level":"info","message":"user connected"}
{"level":"info","message":"user connected"}
{"level":"info","message":"User disconnected"}
{"level":"info","message":"User disconnected"}
{"level":"info","message":"User disconnected"}
{"level":"info","message":"User disconnected"}
{"level":"info","message":"user connected"}
{"level":"info","message":"user connected"}
{"level":"info","message":"user connected"}
{"level":"info","message":"user connected"}
{"level":"info","message":"User disconnected"}
{"level":"info","message":"User disconnected"}
{"level":"info","message":"User disconnected"}
{"level":"info","message":"User disconnected"}
{"level":"info","message":"user connected"}
{"level":"info","message":"user connected"}
{"level":"info","message":"user connected"}
{"level":"info","message":"user connected"}
{"level":"info","message":"User disconnected"}
{"level":"info","message":"User disconnected"}
{"level":"info","message":"User disconnected"}
{"level":"info","message":"User disconnected"}
{"level":"info","message":"user connected"}
{"level":"info","message":"user connected"}
{"level":"info","message":"user connected"}
{"level":"info","message":"user connected"}
{"level":"info","message":"Server running on port 3010"}
{"level":"info","message":"user connected"}
{"level":"info","message":"Server running on port 3010"}
{"level":"info","message":"user connected"}
{"level":"info","message":"Server running on port 3010"}
{"level":"info","message":"user connected"}
{"level":"info","message":"Server running on port 3010"}
{"level":"info","message":"user connected"}
{"level":"info","message":"Server running on port 3010"}
{"level":"info","message":"user connected"}
{"level":"info","message":"Server running on port 3010"}
{"level":"info","message":"user connected"}
{"level":"info","message":"Server running on port 3010"}
{"level":"info","message":"user connected"}
{"level":"info","message":"Server running on port 3010"}
{"level":"info","message":"user connected"}
{"level":"info","message":"Server running on port 3010"}
{"level":"info","message":"user connected"}
{"level":"info","message":"Server running on port 3010"}
{"level":"info","message":"user connected"}
{"level":"info","message":"Server running on port 3010"}
{"level":"info","message":"user connected"}
{"level":"info","message":"Server running on port 3010"}
{"level":"info","message":"Server running on port 3010"}
{"level":"info","message":"user connected"}
{"level":"info","message":"Server running on port 3010"}
{"level":"info","message":"user connected"}
{"level":"info","message":"Server running on port 3010"}
{"level":"info","message":"user connected"}
{"level":"info","message":"Server running on port 3010"}
{"level":"info","message":"Server running on port 3010"}
{"level":"info","message":"Server running on port 3010"}
{"level":"info","message":"user connected"}
{"level":"info","message":"User disconnected"}
{"level":"info","message":"User registered: test@mail.ru"}
{"level":"info","message":"User logged in: test@mail.ru"}
{"level":"info","message":"user connected"}
{"level":"info","message":"User disconnected"}
{"level":"info","message":"user connected"}
{"level":"info","message":"User disconnected"}
{"level":"info","message":"user connected"}
{"level":"info","message":"User disconnected"}
{"level":"info","message":"User logged in: test@mail.ru"}
{"level":"info","message":"user connected"}
{"level":"info","message":"Server running on port 3010"}
{"level":"info","message":"user connected"}
{"level":"info","message":"Server running on port 3010"}
{"level":"info","message":"user connected"}
{"level":"info","message":"Server running on port 3010"}
{"level":"info","message":"user connected"}
{"level":"info","message":"Server running on port 3010"}
{"level":"info","message":"user connected"}
{"level":"info","message":"Server running on port 3010"}
{"level":"info","message":"user connected"}
{"level":"info","message":"Server running on port 3010"}
{"level":"info","message":"user connected"}
{"level":"info","message":"Server running on port 3010"}
{"level":"info","message":"user connected"}
{"level":"info","message":"Server running on port 3010"}
{"level":"info","message":"user connected"}
{"level":"info","message":"Server running on port 3010"}
{"level":"info","message":"user connected"}
{"level":"info","message":"Server running on port 3010"}
{"level":"info","message":"user connected"}
{"level":"info","message":"User disconnected"}
{"level":"info","message":"user connected"}
{"level":"info","message":"User disconnected"}
{"level":"info","message":"user connected"}
{"level":"info","message":"User disconnected"}
{"level":"info","message":"user connected"}
{"level":"info","message":"User disconnected"}
{"level":"info","message":"user connected"}
{"level":"info","message":"User disconnected"}
{"level":"info","message":"user connected"}
{"level":"info","message":"User disconnected"}
{"level":"info","message":"user connected"}
{"level":"info","message":"User disconnected"}
{"level":"info","message":"user connected"}
{"level":"info","message":"User disconnected"}
{"level":"info","message":"user connected"}
{"level":"info","message":"User disconnected"}
{"level":"info","message":"user connected"}
{"level":"info","message":"User disconnected"}
{"level":"info","message":"user connected"}
{"level":"info","message":"User disconnected"}
{"level":"info","message":"user connected"}
{"level":"info","message":"User disconnected"}
{"level":"info","message":"user connected"}
{"level":"info","message":"User disconnected"}
{"level":"info","message":"user connected"}
{"level":"info","message":"User disconnected"}
{"level":"info","message":"user connected"}
{"level":"info","message":"User disconnected"}
{"level":"info","message":"user connected"}
{"level":"info","message":"User disconnected"}
{"level":"info","message":"user connected"}
{"level":"info","message":"User disconnected"}
{"level":"info","message":"User registered: test@mail.ru"}
{"level":"info","message":"User logged in: test@mail.ru"}
{"level":"info","message":"user connected"}
{"level":"info","message":"Server running on port 3010"}
{"level":"info","message":"user connected"}
{"level":"info","message":"Server running on port 3010"}
{"level":"info","message":"user connected"}
{"level":"info","message":"Server running on port 3010"}
{"level":"info","message":"user connected"}
{"level":"info","message":"Server running on port 3010"}
{"level":"info","message":"user connected"}
{"level":"info","message":"Server running on port 3010"}
{"level":"info","message":"user connected"}
{"level":"info","message":"Server running on port 3010"}
{"level":"info","message":"user connected"}
{"level":"info","message":"Server running on port 3010"}
{"level":"info","message":"user connected"}
{"level":"info","message":"User disconnected"}
{"level":"info","message":"user connected"}
{"level":"info","message":"User disconnected"}
{"level":"info","message":"user connected"}
{"level":"info","message":"User disconnected"}
{"level":"info","message":"User registered: test@mail.ru"}
{"level":"info","message":"User logged in: test@mail.ru"}
{"level":"info","message":"user connected"}
{"level":"info","message":"Server running on port 3010"}
{"level":"info","message":"Server running on port 3010"}
{"level":"info","message":"user connected"}
{"level":"info","message":"User disconnected"}
{"level":"info","message":"User registered: test@mail.ru"}
{"level":"info","message":"User logged in: test@mail.ru"}
{"level":"info","message":"user connected"}
{"level":"info","message":"Server running on port 3010"}
{"level":"info","message":"user connected"}
{"level":"info","message":"Server running on port 3010"}
{"level":"info","message":"Server running on port 3010"}
{"level":"info","message":"user connected"}
{"level":"info","message":"Server running on port 3010"}
{"level":"info","message":"user connected"}
{"level":"info","message":"Server running on port 3010"}
{"level":"info","message":"user connected"}
{"level":"info","message":"User disconnected"}
{"level":"info","message":"User registered: test@mail.ru"}
{"level":"info","message":"User logged in: test@mail.ru"}
{"level":"info","message":"user connected"}
{"level":"info","message":"Server running on port 3010"}
{"level":"info","message":"user connected"}
{"level":"info","message":"Server running on port 3010"}
{"level":"info","message":"user connected"}
{"level":"info","message":"User disconnected"}
{"level":"info","message":"user connected"}
{"level":"info","message":"User disconnected"}
{"level":"info","message":"user connected"}
{"level":"info","message":"User disconnected"}
{"level":"info","message":"user connected"}
{"level":"info","message":"User disconnected"}
{"level":"info","message":"user connected"}
{"level":"info","message":"User disconnected"}
{"level":"info","message":"user connected"}
{"level":"info","message":"Server running on port 3010"}
{"level":"info","message":"Server running on port 3010"}
{"level":"info","message":"user connected"}
{"level":"info","message":"Server running on port 3010"}
{"level":"info","message":"user connected"}
{"level":"info","message":"Server running on port 3010"}
{"level":"info","message":"user connected"}
{"level":"info","message":"Server running on port 3010"}
{"level":"info","message":"user connected"}
{"level":"info","message":"Server running on port 3010"}
{"level":"info","message":"user connected"}
{"level":"info","message":"Server running on port 3010"}
{"level":"info","message":"user connected"}
{"level":"info","message":"Server running on port 3010"}
{"level":"info","message":"user connected"}
{"level":"info","message":"Server running on port 3010"}
{"level":"info","message":"user connected"}
{"level":"info","message":"Server running on port 3010"}
{"level":"info","message":"user connected"}
{"level":"info","message":"Server running on port 3010"}
{"level":"info","message":"user connected"}
{"level":"info","message":"Server running on port 3010"}
{"level":"info","message":"user connected"}
{"level":"info","message":"Server running on port 3010"}
{"level":"info","message":"user connected"}
{"level":"info","message":"Server running on port 3010"}
{"level":"info","message":"user connected"}
{"level":"info","message":"User disconnected"}
{"level":"info","message":"user connected"}
{"level":"info","message":"Server running on port 3010"}
{"level":"info","message":"user connected"}
{"level":"info","message":"User disconnected"}
{"level":"info","message":"user connected"}
{"level":"info","message":"User disconnected"}
{"level":"info","message":"user connected"}
{"level":"info","message":"User disconnected"}
{"level":"info","message":"User registered: test@mail.ru"}
{"level":"info","message":"User logged in: test@mail.ru"}
{"level":"info","message":"user connected"}
{"level":"info","message":"User disconnected"}
{"level":"info","message":"user connected"}
{"level":"info","message":"User disconnected"}
{"level":"info","message":"user connected"}
{"level":"info","message":"User disconnected"}
{"level":"info","message":"user connected"}
{"level":"info","message":"User disconnected"}
{"level":"info","message":"user connected"}
{"level":"info","message":"User disconnected"}
{"level":"info","message":"user connected"}
{"level":"info","message":"User disconnected"}
{"level":"info","message":"user connected"}
{"level":"info","message":"User disconnected"}
{"level":"info","message":"user connected"}
{"level":"info","message":"User disconnected"}
{"level":"info","message":"User logged in: test@mail.ru"}
{"level":"info","message":"user connected"}
{"level":"info","message":"Server running on port 3010"}
{"level":"info","message":"user connected"}
{"level":"info","message":"Server running on port 3010"}
{"level":"info","message":"user connected"}
{"level":"info","message":"User disconnected"}
{"level":"info","message":"User registered: test@mail.ru"}
{"level":"info","message":"User logged in: test@mail.ru"}
{"level":"info","message":"user connected"}
{"level":"info","message":"Server running on port 3010"}
{"level":"info","message":"user connected"}
{"level":"info","message":"Server running on port 3010"}
{"level":"info","message":"user connected"}
{"level":"info","message":"Server running on port 3010"}
{"level":"info","message":"user connected"}
{"level":"info","message":"Server running on port 3010"}
{"level":"info","message":"user connected"}
{"level":"info","message":"Server running on port 3010"}
{"level":"info","message":"user connected"}
{"level":"info","message":"Server running on port 3010"}
{"level":"info","message":"user connected"}
{"level":"info","message":"Server running on port 3010"}
{"level":"info","message":"user connected"}
{"level":"info","message":"Server running on port 3010"}
{"level":"info","message":"user connected"}
{"level":"info","message":"Server running on port 3010"}
{"level":"info","message":"User registered: kanapelka.petr@gmail.com"}
{"level":"info","message":"User logged in: kanapelka.petr@gmail.com"}
{"level":"info","message":"user connected"}
{"level":"info","message":"User disconnected"}
{"level":"info","message":"user connected"}
{"level":"info","message":"User disconnected"}
{"level":"info","message":"user connected"}
{"level":"info","message":"User disconnected"}
{"level":"info","message":"user connected"}
{"level":"info","message":"User disconnected"}
{"level":"info","message":"user connected"}
{"level":"info","message":"User disconnected"}
{"level":"info","message":"user connected"}
{"level":"info","message":"User disconnected"}
{"level":"info","message":"user connected"}
{"level":"info","message":"User disconnected"}
{"level":"info","message":"user connected"}
{"level":"info","message":"User disconnected"}
{"level":"info","message":"user connected"}
{"level":"info","message":"User disconnected"}
{"level":"info","message":"user connected"}
{"level":"info","message":"User disconnected"}
{"level":"info","message":"user connected"}
{"level":"info","message":"User disconnected"}
{"level":"info","message":"User registered: kanapelka.petr@gmail.com"}
{"code":"ERR_HTTP_HEADERS_SENT","level":"error","message":"Unhandled rejection: Cannot set headers after they are sent to the client","stack":"Error [ERR_HTTP_HEADERS_SENT]: Cannot set headers after they are sent to the client\n    at ServerResponse.setHeader (node:_http_outgoing:659:11)\n    at ServerResponse.header (D:\\FRONTEND\\IT-KAMASUTRA\\Sprint_6\\websocket\\ws-app-back\\node_modules\\express\\lib\\response.js:794:10)\n    at ServerResponse.send (D:\\FRONTEND\\IT-KAMASUTRA\\Sprint_6\\websocket\\ws-app-back\\node_modules\\express\\lib\\response.js:174:12)\n    at ServerResponse.json (D:\\FRONTEND\\IT-KAMASUTRA\\Sprint_6\\websocket\\ws-app-back\\node_modules\\express\\lib\\response.js:278:15)\n    at ServerResponse.send (D:\\FRONTEND\\IT-KAMASUTRA\\Sprint_6\\websocket\\ws-app-back\\node_modules\\express\\lib\\response.js:162:21)\n    at file:///D:/FRONTEND/IT-KAMASUTRA/Sprint_6/websocket/ws-app-back/dist/index.js:49:21"}
{"level":"info","message":"Server running on port 3010"}
{"level":"info","message":"Server running on port 3010"}
{"level":"info","message":"Server running on port 3010"}
{"level":"info","message":"Server running on port 3010"}
{"level":"info","message":"Server running on port 3010"}
{"level":"info","message":"User registered: kanapelka.petr@gmail.com"}
{"level":"info","message":"User logged in: kanapelka.petr@gmail.com"}
{"level":"info","message":"user connected"}
{"level":"info","message":"Server running on port 3010"}
{"level":"info","message":"user connected"}
{"level":"info","message":"Server running on port 3010"}
{"level":"info","message":"user connected"}
{"level":"info","message":"Server running on port 3010"}
{"level":"info","message":"user connected"}
{"level":"info","message":"Server running on port 3010"}
{"level":"info","message":"user connected"}
{"level":"info","message":"Server running on port 3010"}
{"level":"info","message":"user connected"}
{"level":"info","message":"Server running on port 3010"}
{"level":"info","message":"user connected"}
{"level":"info","message":"Server running on port 3010"}
{"level":"info","message":"user connected"}
{"level":"info","message":"Server running on port 3010"}
{"level":"info","message":"user connected"}
{"level":"info","message":"Server running on port 3010"}
{"level":"info","message":"user connected"}
{"level":"info","message":"Server running on port 3010"}
{"level":"info","message":"user connected"}
{"level":"info","message":"Server running on port 3010"}
{"level":"info","message":"user connected"}
{"level":"info","message":"Server running on port 3010"}
{"level":"info","message":"user connected"}
{"level":"info","message":"Server running on port 3010"}
{"level":"info","message":"user connected"}
{"level":"info","message":"Server running on port 3010"}
{"level":"info","message":"user connected"}
{"level":"info","message":"Server running on port 3010"}
{"level":"info","message":"user connected"}
{"level":"info","message":"Server running on port 3010"}
{"level":"info","message":"user connected"}
{"level":"info","message":"Server running on port 3010"}
{"level":"info","message":"user connected"}
{"level":"info","message":"Server running on port 3010"}
{"level":"info","message":"user connected"}
{"level":"info","message":"User disconnected"}
{"level":"info","message":"User registered: kanapelka.petr@gmail.com"}
{"level":"info","message":"User logged in: kanapelka.petr@gmail.com"}
{"level":"info","message":"user connected"}
{"level":"info","message":"User disconnected"}
{"level":"info","message":"user connected"}
{"level":"info","message":"User disconnected"}
{"level":"info","message":"User logged in: kanapelka.petr@gmail.com"}
{"level":"info","message":"user connected"}
{"level":"info","message":"User disconnected"}
{"level":"info","message":"user connected"}
{"level":"info","message":"User disconnected"}
{"level":"info","message":"user connected"}
{"level":"info","message":"User disconnected"}
{"level":"info","message":"user connected"}
{"level":"info","message":"User disconnected"}
{"level":"info","message":"user connected"}
{"level":"info","message":"User disconnected"}
{"level":"info","message":"user connected"}
{"level":"info","message":"User disconnected"}
{"level":"info","message":"user connected"}
{"level":"info","message":"User disconnected"}
{"level":"info","message":"user connected"}
{"level":"info","message":"User disconnected"}
{"level":"info","message":"user connected"}
{"level":"info","message":"User disconnected"}
{"level":"info","message":"user connected"}
{"level":"info","message":"User disconnected"}
{"level":"info","message":"user connected"}
{"level":"info","message":"User disconnected"}
{"level":"info","message":"user connected"}
{"level":"info","message":"User disconnected"}
{"level":"info","message":"user connected"}
{"level":"info","message":"User disconnected"}
{"level":"info","message":"user connected"}
{"level":"info","message":"User disconnected"}
{"level":"info","message":"user connected"}
{"level":"info","message":"User disconnected"}
{"level":"info","message":"user connected"}
{"level":"info","message":"User disconnected"}
{"level":"info","message":"user connected"}
{"level":"info","message":"User disconnected"}
{"level":"info","message":"user connected"}
{"level":"info","message":"User disconnected"}
{"level":"info","message":"user connected"}
{"level":"info","message":"User disconnected"}
{"level":"info","message":"user connected"}
{"level":"info","message":"User disconnected"}
{"level":"info","message":"user connected"}
{"level":"info","message":"User disconnected"}
{"level":"info","message":"user connected"}
{"level":"info","message":"User disconnected"}
{"level":"info","message":"User logged in: kanapelka.petr@gmail.com"}
{"level":"info","message":"user connected"}
{"level":"info","message":"Server running on port 3010"}
{"level":"info","message":"user connected"}
{"level":"info","message":"User disconnected"}
{"level":"info","message":"User registered: kanapelka.petr@gmail.com"}
{"level":"info","message":"User logged in: kanapelka.petr@gmail.com"}
{"level":"info","message":"user connected"}
{"level":"info","message":"User disconnected"}
{"level":"info","message":"user connected"}
{"level":"info","message":"User disconnected"}
{"level":"info","message":"user connected"}
{"level":"info","message":"User disconnected"}
{"level":"info","message":"user connected"}
{"level":"info","message":"User disconnected"}
{"level":"info","message":"user connected"}
{"level":"info","message":"Server running on port 3010"}
{"level":"info","message":"user connected"}
{"level":"info","message":"User disconnected"}
{"level":"info","message":"user connected"}
{"level":"info","message":"user connected"}
{"level":"info","message":"User disconnected"}
{"level":"info","message":"User disconnected"}
{"level":"info","message":"user connected"}
{"level":"info","message":"User disconnected"}
{"level":"info","message":"user connected"}
{"level":"info","message":"User disconnected"}
{"level":"info","message":"user connected"}
{"level":"info","message":"User disconnected"}
{"level":"info","message":"user connected"}
{"level":"info","message":"User disconnected"}
{"level":"info","message":"user connected"}
{"level":"info","message":"User disconnected"}
{"level":"info","message":"User registered: kanapelka.petr@gmail.com"}
{"level":"info","message":"User logged in: kanapelka.petr@gmail.com"}
{"level":"info","message":"user connected"}
{"level":"info","message":"Message from RemDigga: dffgtyyiyioiopsgshshcvbnnz"}
{"level":"info","message":"New name Robert: Robert"}
{"level":"info","message":"Message from Robert: fgdhdhhghgfhghfhfghfghfg"}
{"level":"info","message":"User disconnected"}
{"level":"info","message":"user connected"}
{"level":"info","message":"Message from RemDigga: llmijh"}
{"level":"info","message":"New name Rob: Rob"}
{"level":"info","message":"Message from Rob: trtretryrtuytu"}
{"level":"info","message":"User disconnected"}
{"level":"info","message":"user connected"}
{"level":"info","message":"User disconnected"}
{"level":"info","message":"User logged in: kanapelka.petr@gmail.com"}
{"level":"info","message":"user connected"}
{"level":"info","message":"Message from RemDigga: rtyygghh"}
{"level":"info","message":"User disconnected"}
{"level":"info","message":"user connected"}
{"level":"info","message":"User disconnected"}
{"level":"info","message":"user connected"}
{"level":"info","message":"User disconnected"}
{"level":"info","message":"user connected"}
{"level":"info","message":"User disconnected"}
{"level":"info","message":"user connected"}
{"level":"info","message":"User disconnected"}
{"level":"info","message":"user connected"}
{"level":"info","message":"User disconnected"}
{"level":"info","message":"user connected"}
{"level":"info","message":"User disconnected"}
{"level":"info","message":"User logged in: kanapelka.petr@gmail.com"}
{"level":"info","message":"user connected"}
{"level":"info","message":"User disconnected"}
{"level":"info","message":"user connected"}
{"level":"info","message":"User disconnected"}
{"level":"info","message":"user connected"}
{"level":"info","message":"User disconnected"}
{"level":"info","message":"user connected"}
{"level":"info","message":"User disconnected"}
{"level":"info","message":"user connected"}
{"level":"info","message":"User disconnected"}
{"level":"info","message":"user connected"}
{"level":"info","message":"User disconnected"}
{"level":"info","message":"user connected"}
{"level":"info","message":"User disconnected"}
{"level":"info","message":"user connected"}
{"level":"info","message":"User disconnected"}
{"level":"info","message":"user connected"}
{"level":"info","message":"User disconnected"}
{"level":"info","message":"user connected"}
{"level":"info","message":"User disconnected"}
{"level":"info","message":"user connected"}
{"level":"info","message":"User disconnected"}
{"level":"info","message":"user connected"}
{"level":"info","message":"User disconnected"}
{"level":"info","message":"user connected"}
{"level":"info","message":"User disconnected"}
{"level":"info","message":"user connected"}
{"level":"info","message":"User disconnected"}
{"level":"info","message":"user connected"}
{"level":"info","message":"User disconnected"}
{"level":"info","message":"user connected"}
{"level":"info","message":"User disconnected"}
{"level":"info","message":"user connected"}
{"level":"info","message":"Server running on port 3010"}
{"level":"info","message":"user connected"}
{"level":"info","message":"Server running on port 3010"}
{"level":"info","message":"user connected"}
{"level":"info","message":"Server running on port 3010"}
{"level":"info","message":"user connected"}
{"level":"info","message":"Server running on port 3010"}
{"level":"info","message":"user connected"}
{"level":"info","message":"Server running on port 3010"}
{"level":"info","message":"user connected"}
{"level":"info","message":"Server running on port 3010"}
{"level":"info","message":"user connected"}
{"level":"info","message":"Server running on port 3010"}
{"level":"info","message":"user connected"}
{"level":"info","message":"Server running on port 3010"}
{"level":"info","message":"user connected"}
{"level":"info","message":"Server running on port 3010"}
{"level":"info","message":"user connected"}
{"level":"info","message":"Server running on port 3010"}
{"level":"info","message":"user connected"}
{"level":"info","message":"Server running on port 3010"}
{"level":"info","message":"user connected"}
{"level":"info","message":"Server running on port 3010"}
{"level":"info","message":"user connected"}
{"level":"info","message":"Server running on port 3010"}
{"level":"info","message":"user connected"}
{"level":"info","message":"Server running on port 3010"}
{"level":"info","message":"user connected"}
{"level":"info","message":"Server running on port 3010"}
{"level":"info","message":"user connected"}
{"level":"info","message":"Server running on port 3010"}
{"level":"info","message":"user connected"}
{"level":"info","message":"Server running on port 3010"}
{"level":"info","message":"user connected"}
{"level":"info","message":"User disconnected"}
{"level":"info","message":"user connected"}
{"level":"info","message":"User disconnected"}
{"level":"info","message":"user connected"}
{"level":"info","message":"User disconnected"}
{"level":"info","message":"User registered: kanapelka.petr@gmail.com"}
{"level":"info","message":"User logged in: kanapelka.petr@gmail.com"}
{"level":"info","message":"user connected"}
{"level":"info","message":"User disconnected"}
{"level":"info","message":"user connected"}
{"level":"info","message":"User disconnected"}
{"level":"info","message":"user connected"}
{"level":"info","message":"User disconnected"}
{"level":"info","message":"user connected"}
{"level":"info","message":"User disconnected"}
{"level":"info","message":"user connected"}
{"level":"info","message":"Message from Remmi: frterteteyyhddh"}
{"level":"info","message":"User disconnected"}
{"level":"info","message":"user connected"}
{"level":"info","message":"User disconnected"}
{"level":"info","message":"user connected"}
{"level":"info","message":"User disconnected"}
{"level":"info","message":"user connected"}
{"level":"info","message":"User disconnected"}
{"level":"info","message":"user connected"}
{"level":"info","message":"User disconnected"}
{"level":"info","message":"user connected"}
{"level":"info","message":"User disconnected"}
{"level":"info","message":"user connected"}
{"level":"info","message":"User disconnected"}
{"level":"info","message":"user connected"}
{"level":"info","message":"User disconnected"}
{"level":"info","message":"user connected"}
{"level":"info","message":"User disconnected"}
{"level":"info","message":"user connected"}
{"level":"info","message":"User disconnected"}
{"level":"info","message":"user connected"}
{"level":"info","message":"User disconnected"}
{"level":"info","message":"user connected"}
{"level":"info","message":"User disconnected"}
{"level":"info","message":"user connected"}
{"level":"info","message":"User disconnected"}
{"level":"info","message":"user connected"}
{"level":"info","message":"User disconnected"}
{"level":"info","message":"user connected"}
{"level":"info","message":"User disconnected"}
{"level":"info","message":"user connected"}
{"level":"info","message":"User disconnected"}
{"level":"info","message":"user connected"}
{"level":"info","message":"Message from Remmi: fdsfdfsdf"}
{"level":"info","message":"User disconnected"}
{"level":"info","message":"user connected"}
{"level":"info","message":"User disconnected"}
{"level":"info","message":"user connected"}
{"level":"info","message":"User disconnected"}
{"level":"info","message":"user connected"}
{"level":"info","message":"User disconnected"}
{"level":"info","message":"user connected"}
{"level":"info","message":"New name Remmi: Remmi"}
{"level":"info","message":"New name Remmi: Remmi"}
{"level":"info","message":"User disconnected"}
{"level":"info","message":"user connected"}
{"level":"info","message":"New name fasf: fasf"}
{"level":"info","message":"New name fasf: fasf"}
{"level":"info","message":"Message from fasf: hghfhfgh"}
{"level":"info","message":"New name Robert: Robert"}
{"level":"info","message":"User disconnected"}
{"level":"info","message":"user connected"}
{"level":"info","message":"User disconnected"}
{"level":"info","message":"user connected"}
{"level":"info","message":"Message from Remmi: fgfdgfdgdfg"}
{"level":"info","message":"Message from Remmi: dfsdfsdf"}
{"level":"info","message":"User disconnected"}
{"level":"info","message":"User logged in: kanapelka.petr@gmail.com"}
{"level":"info","message":"user connected"}
{"level":"info","message":"User disconnected"}
{"level":"info","message":"user connected"}
{"level":"info","message":"User disconnected"}
{"level":"info","message":"user connected"}
{"level":"info","message":"New name Robert: Robert"}
{"level":"info","message":"Message from Robert: Rfdsfsdfgsdggfdgd"}
{"level":"info","message":"User disconnected"}
{"level":"info","message":"User logged in: kanapelka.petr@gmail.com"}
{"level":"info","message":"user connected"}
{"level":"info","message":"Message from Remmi: fgfgftryru"}
{"level":"info","message":"User disconnected"}
{"level":"info","message":"user connected"}
{"level":"info","message":"Message from Remmi: ttt"}
{"level":"info","message":"New name Robert: Robert"}
{"level":"info","message":"Server running on port 3010"}
{"level":"info","message":"user connected"}
{"level":"info","message":"Server running on port 3010"}
{"level":"info","message":"user connected"}
{"level":"info","message":"Server running on port 3010"}
{"level":"info","message":"user connected"}
{"level":"info","message":"Server running on port 3010"}
{"level":"info","message":"user connected"}
{"level":"info","message":"Server running on port 3010"}
{"level":"info","message":"user connected"}
{"level":"info","message":"Server running on port 3010"}
{"level":"info","message":"user connected"}
{"level":"info","message":"Server running on port 3010"}
{"level":"info","message":"user connected"}
{"level":"info","message":"Server running on port 3010"}
{"level":"info","message":"user connected"}
{"level":"info","message":"Server running on port 3010"}
{"level":"info","message":"Server running on port 3010"}
{"level":"info","message":"user connected"}
{"level":"info","message":"Server running on port 3010"}
{"level":"info","message":"user connected"}
{"level":"info","message":"Server running on port 3010"}
{"level":"info","message":"user connected"}
{"level":"info","message":"Server running on port 3010"}
{"level":"info","message":"user connected"}
{"level":"info","message":"Server running on port 3010"}
{"level":"info","message":"user connected"}
{"level":"info","message":"Server running on port 3010"}
{"level":"info","message":"user connected"}
{"level":"info","message":"Server running on port 3010"}
{"level":"info","message":"user connected"}
{"level":"info","message":"Server running on port 3010"}
{"level":"info","message":"user connected"}
{"level":"info","message":"Server running on port 3010"}
{"level":"info","message":"user connected"}
{"level":"info","message":"Server running on port 3010"}
{"level":"info","message":"user connected"}
{"level":"info","message":"Server running on port 3010"}
{"level":"info","message":"user connected"}
{"level":"info","message":"Server running on port 3010"}
{"level":"info","message":"user connected"}
{"level":"info","message":"Server running on port 3010"}
{"level":"info","message":"user connected"}
{"level":"info","message":"Server running on port 3010"}
{"level":"info","message":"user connected"}
{"level":"info","message":"Server running on port 3010"}
{"level":"info","message":"user connected"}
{"level":"info","message":"Server running on port 3010"}
{"level":"info","message":"user connected"}
{"level":"info","message":"User disconnected"}
{"level":"info","message":"User registered: kanapelka.petr@gmail.com"}
{"level":"info","message":"User logged in: kanapelka.petr@gmail.com"}
{"level":"info","message":"user connected"}
{"level":"info","message":"Message from Rewww: Reewweewe"}
{"level":"info","message":"New name Kirov: Kirov"}
{"level":"info","message":"Message from Kirov: ertrtert"}
{"level":"info","message":"User disconnected"}
{"level":"info","message":"user connected"}
{"level":"info","message":"New name QQQQ: QQQQ"}
{"level":"info","message":"New name QQQQ: QQQQ"}
{"level":"info","message":"User disconnected"}
{"level":"info","message":"user connected"}
{"level":"info","message":"New name Robert: Robert"}
{"level":"info","message":"User disconnected"}
{"level":"info","message":"user connected"}
{"level":"info","message":"User disconnected"}
{"level":"info","message":"user connected"}
{"level":"info","message":"New name Robert: Robert"}
{"level":"info","message":"User disconnected"}
{"level":"info","message":"user connected"}
{"level":"info","message":"New name Robert: Robert"}
{"level":"info","message":"Message from Robert: gfgfdgfgd"}
{"level":"info","message":"Message from Robert: gfdgfgdf"}
{"level":"info","message":"Message from Robert: fdg"}
{"level":"info","message":"Message from Robert: rgrgrgrg"}
{"level":"info","message":"User disconnected"}
{"level":"info","message":"user connected"}
{"level":"info","message":"User disconnected"}
{"level":"info","message":"user connected"}
{"level":"info","message":"Server running on port 3010"}
{"level":"info","message":"user connected"}
{"level":"info","message":"Server running on port 3010"}
{"level":"info","message":"user connected"}
{"level":"info","message":"Server running on port 3010"}
{"level":"info","message":"Server running on port 3010"}
{"level":"info","message":"user connected"}
{"level":"info","message":"Server running on port 3010"}
{"level":"info","message":"user connected"}
{"level":"info","message":"Server running on port 3010"}
{"level":"info","message":"user connected"}
{"level":"info","message":"Server running on port 3010"}
{"level":"info","message":"user connected"}
{"level":"info","message":"User disconnected"}
{"level":"info","message":"User registered: kanapelka.petr@gmail.com"}
{"level":"info","message":"User logged in: kanapelka.petr@gmail.com"}
{"level":"info","message":"user connected"}
{"level":"info","message":"New name Robert: Robert"}
{"level":"info","message":"Server running on port 3010"}
{"level":"info","message":"user connected"}
{"level":"info","message":"Server running on port 3010"}
{"level":"info","message":"user connected"}
{"level":"info","message":"Server running on port 3010"}
{"level":"info","message":"User registered: kanapelka.petr@gmail.com"}
{"level":"info","message":"User logged in: kanapelka.petr@gmail.com"}
{"level":"info","message":"user connected"}
{"level":"info","message":"New name Robert: Robert"}
{"level":"info","message":"Server running on port 3010"}
{"level":"info","message":"user connected"}
{"level":"info","message":"Server running on port 3010"}
{"level":"info","message":"user connected"}
{"level":"info","message":"Server running on port 3010"}
{"level":"info","message":"user connected"}
{"level":"info","message":"Server running on port 3010"}
{"level":"info","message":"user connected"}
{"level":"info","message":"Server running on port 3010"}
{"level":"info","message":"user connected"}
{"level":"info","message":"Server running on port 3010"}
{"level":"info","message":"user connected"}
{"level":"info","message":"User disconnected"}
{"level":"info","message":"User registered: kanapelka.petr@gmail.com"}
{"level":"info","message":"User logged in: kanapelka.petr@gmail.com"}
{"level":"info","message":"user connected"}
{"level":"info","message":"New name Robert: Robert"}
{"level":"info","message":"Message from Robert: Rrr"}
{"level":"info","message":"User disconnected"}
{"level":"info","message":"user connected"}
{"level":"info","message":"Server running on port 3010"}
{"level":"info","message":"Server running on port 3010"}
{"level":"info","message":"user connected"}
{"level":"info","message":"Server running on port 3010"}
{"level":"info","message":"user connected"}
{"level":"info","message":"Server running on port 3010"}
{"level":"info","message":"user connected"}
{"level":"info","message":"Server running on port 3010"}
{"level":"info","message":"user connected"}
{"level":"info","message":"Server running on port 3010"}
{"level":"info","message":"user connected"}
{"level":"info","message":"Server running on port 3010"}
{"level":"info","message":"user connected"}
{"level":"info","message":"Server running on port 3010"}
{"level":"info","message":"user connected"}
{"level":"info","message":"Server running on port 3010"}
{"level":"info","message":"user connected"}
{"level":"info","message":"User disconnected"}
{"level":"info","message":"user connected"}
{"level":"info","message":"User disconnected"}
{"level":"info","message":"user connected"}
{"level":"info","message":"User disconnected"}
{"level":"info","message":"user connected"}
{"level":"info","message":"User disconnected"}
{"level":"info","message":"user connected"}
{"level":"info","message":"User disconnected"}
{"level":"info","message":"user connected"}
{"level":"info","message":"User disconnected"}
{"level":"info","message":"user connected"}
{"level":"info","message":"User disconnected"}
{"level":"info","message":"Server running on port 3010"}
{"level":"info","message":"User registered: kanapelka.petr@gmail.com"}
{"level":"info","message":"Server running on port 3010"}
{"level":"info","message":"User registered: kanapelka.petr@gmail.com"}
{"level":"info","message":"User logged in: kanapelka.petr@gmail.com"}
{"level":"info","message":"user connected"}
{"level":"info","message":"New name Robert: Robert"}
{"level":"info","message":"Message from Robert: uyutyuy"}
{"level":"info","message":"New name Robert5: Robert5"}
{"level":"info","message":"User disconnected"}
{"level":"info","message":"User logged in: kanapelka.petr@gmail.com"}
{"level":"info","message":"user connected"}
{"level":"info","message":"User disconnected"}
{"level":"info","message":"user connected"}
{"level":"info","message":"User disconnected"}
{"level":"info","message":"user connected"}
{"level":"info","message":"User disconnected"}
{"level":"info","message":"user connected"}
{"level":"info","message":"User disconnected"}
{"level":"info","message":"user connected"}
{"level":"info","message":"User disconnected"}
{"level":"info","message":"user connected"}
{"level":"info","message":"User disconnected"}
{"level":"info","message":"user connected"}
{"level":"info","message":"New name Robert5: Robert5"}
{"level":"info","message":"User disconnected"}
{"level":"info","message":"user connected"}
{"level":"info","message":"User disconnected"}
{"level":"info","message":"user connected"}
{"level":"info","message":"User disconnected"}
{"level":"info","message":"user connected"}
{"level":"info","message":"User disconnected"}
{"level":"info","message":"user connected"}
{"level":"info","message":"User disconnected"}
{"level":"info","message":"user connected"}
{"level":"info","message":"User disconnected"}
{"level":"info","message":"user connected"}
{"level":"info","message":"User disconnected"}
{"level":"info","message":"user connected"}
{"level":"info","message":"User disconnected"}
{"level":"info","message":"user connected"}
{"level":"info","message":"User disconnected"}
{"level":"info","message":"user connected"}
{"level":"info","message":"User disconnected"}
{"level":"info","message":"user connected"}
{"level":"info","message":"User disconnected"}
{"level":"info","message":"user connected"}
{"level":"info","message":"User disconnected"}
{"level":"info","message":"user connected"}
{"level":"info","message":"User disconnected"}
{"level":"info","message":"user connected"}
{"level":"info","message":"User disconnected"}
{"level":"info","message":"user connected"}
{"level":"info","message":"User disconnected"}
{"level":"info","message":"user connected"}
{"level":"info","message":"User disconnected"}
{"level":"info","message":"user connected"}
{"level":"info","message":"User disconnected"}
{"level":"info","message":"user connected"}
{"level":"info","message":"New name Rob: Rob"}
{"level":"info","message":"Message from Rob: jjkjhkjhjk"}
{"level":"info","message":"User disconnected"}
{"level":"info","message":"user connected"}
{"level":"info","message":"User disconnected"}
{"level":"info","message":"Server running on port 3010"}
{"level":"info","message":"Server running on port 3010"}
{"level":"info","message":"Server running on port 3010"}
{"level":"info","message":"Server running on port 3010"}
{"level":"info","message":"Server running on port 3010"}
{"level":"info","message":"Server running on port 3010"}
{"level":"info","message":"Server running on port 3010"}
{"level":"info","message":"User registered: kanapelka.petr@gmail.com"}
{"level":"info","message":"User logged in: kanapelka.petr@gmail.com"}
{"level":"info","message":"user connected"}
{"level":"info","message":"User disconnected"}
{"level":"info","message":"user connected"}
{"level":"info","message":"User disconnected"}
{"level":"info","message":"user connected"}
{"level":"info","message":"User disconnected"}
{"level":"info","message":"user connected"}
{"level":"info","message":"User disconnected"}
{"level":"info","message":"user connected"}
{"level":"info","message":"New name Robert: Robert"}
{"level":"info","message":"Message from Robert: dfdsffd"}
{"level":"info","message":"Message from Robert: rt"}
{"level":"info","message":"Message from Robert: rt"}
{"level":"info","message":"User disconnected"}
{"level":"info","message":"user connected"}
{"level":"info","message":"Message from Robert: 23144"}
{"level":"info","message":"User disconnected"}
{"level":"info","message":"Server running on port 3010"}
{"level":"info","message":"User registered: kanapelka.petr@gmail.com"}
{"level":"info","message":"User logged in: kanapelka.petr@gmail.com"}
{"level":"info","message":"user connected"}
{"level":"info","message":"Message from Rew: 34342342"}
{"level":"info","message":"User disconnected"}
{"level":"info","message":"user connected"}
{"level":"info","message":"User disconnected"}
{"level":"info","message":"user connected"}
{"level":"info","message":"User disconnected"}
{"level":"info","message":"user connected"}
{"level":"info","message":"User disconnected"}
{"level":"info","message":"user connected"}
{"level":"info","message":"Message from Rew: rt"}
{"level":"info","message":"User disconnected"}
{"level":"info","message":"User registered: kanapelka.petr@gmail.com"}
{"code":"ERR_HTTP_HEADERS_SENT","level":"error","message":"Unhandled rejection: Cannot set headers after they are sent to the client","stack":"Error [ERR_HTTP_HEADERS_SENT]: Cannot set headers after they are sent to the client\n    at ServerResponse.setHeader (node:_http_outgoing:659:11)\n    at ServerResponse.header (D:\\FRONTEND\\IT-KAMASUTRA\\Sprint_6\\websocket\\ws-app-back\\node_modules\\express\\lib\\response.js:794:10)\n    at ServerResponse.send (D:\\FRONTEND\\IT-KAMASUTRA\\Sprint_6\\websocket\\ws-app-back\\node_modules\\express\\lib\\response.js:174:12)\n    at ServerResponse.json (D:\\FRONTEND\\IT-KAMASUTRA\\Sprint_6\\websocket\\ws-app-back\\node_modules\\express\\lib\\response.js:278:15)\n    at ServerResponse.send (D:\\FRONTEND\\IT-KAMASUTRA\\Sprint_6\\websocket\\ws-app-back\\node_modules\\express\\lib\\response.js:162:21)\n    at file:///D:/FRONTEND/IT-KAMASUTRA/Sprint_6/websocket/ws-app-back/dist/index.js:50:21"}
{"level":"info","message":"User logged in: kanapelka.petr@gmail.com"}
{"level":"info","message":"user connected"}
{"level":"info","message":"User disconnected"}
{"level":"info","message":"User logged in: kanapelka.petr@gmail.com"}
{"level":"info","message":"user connected"}
{"level":"info","message":"User disconnected"}
{"level":"info","message":"User logged in: kanapelka.petr@gmail.com"}
{"code":"ERR_HTTP_HEADERS_SENT","level":"error","message":"Unhandled rejection: Cannot set headers after they are sent to the client","stack":"Error [ERR_HTTP_HEADERS_SENT]: Cannot set headers after they are sent to the client\n    at ServerResponse.setHeader (node:_http_outgoing:659:11)\n    at ServerResponse.header (D:\\FRONTEND\\IT-KAMASUTRA\\Sprint_6\\websocket\\ws-app-back\\node_modules\\express\\lib\\response.js:794:10)\n    at ServerResponse.send (D:\\FRONTEND\\IT-KAMASUTRA\\Sprint_6\\websocket\\ws-app-back\\node_modules\\express\\lib\\response.js:174:12)\n    at ServerResponse.json (D:\\FRONTEND\\IT-KAMASUTRA\\Sprint_6\\websocket\\ws-app-back\\node_modules\\express\\lib\\response.js:278:15)\n    at file:///D:/FRONTEND/IT-KAMASUTRA/Sprint_6/websocket/ws-app-back/dist/index.js:67:9"}
{"level":"info","message":"User logged in: kanapelka.petr@gmail.com"}
{"level":"info","message":"user connected"}
{"level":"info","message":"User disconnected"}
{"level":"info","message":"User logged in: kanapelka.petr@gmail.com"}
{"level":"info","message":"user connected"}
{"level":"info","message":"User disconnected"}
{"level":"info","message":"User logged in: kanapelka.petr@gmail.com"}
{"level":"info","message":"user connected"}
{"level":"info","message":"New name 44334: 44334"}
{"level":"info","message":"Message from 44334: jjkjhkjhjk"}
{"level":"info","message":"Message from 44334: jjkjhkjhjk"}
{"level":"info","message":"New name 44334453: 44334453"}
{"level":"info","message":"Message from 44334453: 345345345"}
{"level":"info","message":"User disconnected"}
{"level":"info","message":"user connected"}
{"level":"info","message":"User disconnected"}
{"level":"info","message":"user connected"}
{"level":"info","message":"User disconnected"}
{"level":"info","message":"user connected"}
{"level":"info","message":"User disconnected"}
{"level":"info","message":"user connected"}
{"level":"info","message":"User disconnected"}
{"level":"info","message":"user connected"}
{"level":"info","message":"User disconnected"}
{"level":"info","message":"user connected"}
{"level":"info","message":"User disconnected"}
{"level":"info","message":"user connected"}
{"level":"info","message":"User disconnected"}
{"level":"info","message":"user connected"}
{"level":"info","message":"User disconnected"}
{"level":"info","message":"user connected"}
{"level":"info","message":"User disconnected"}
{"level":"info","message":"user connected"}
{"level":"info","message":"User disconnected"}
{"level":"info","message":"user connected"}
{"level":"info","message":"User disconnected"}
{"level":"info","message":"user connected"}
{"level":"info","message":"User disconnected"}
{"level":"info","message":"user connected"}
{"level":"info","message":"User disconnected"}
{"level":"info","message":"user connected"}
{"level":"info","message":"User disconnected"}
{"level":"info","message":"user connected"}
{"level":"info","message":"User disconnected"}
{"level":"info","message":"user connected"}
{"level":"info","message":"User disconnected"}
{"level":"info","message":"user connected"}
{"level":"info","message":"User disconnected"}
{"level":"info","message":"user connected"}
{"level":"info","message":"User disconnected"}
{"level":"info","message":"user connected"}
{"level":"info","message":"User disconnected"}
{"level":"info","message":"user connected"}
{"level":"info","message":"New name Robert: Robert"}
{"level":"info","message":"Message from Robert: jghjghjgj"}
{"level":"info","message":"User registered: test@mail.ru"}
{"level":"info","message":"User logged in: test@mail.ru"}
{"level":"info","message":"user connected"}
{"level":"info","message":"Message from Test: ntfdgdfg"}
{"level":"info","message":"Message from Test: ghfhfgh"}
{"level":"info","message":"Message from Robert: ghfhfghfgh"}
